\BOOKMARK [1][-]{section.1}{1. Data status}{}% 1
\BOOKMARK [1][-]{section.2}{2. Notes from discussions}{}% 2
\BOOKMARK [1][-]{section.3}{3. Introduction}{}% 3
\BOOKMARK [1][-]{section.4}{4. Running time}{}% 4
\BOOKMARK [2][-]{subsection.4.1}{4.1. In theory}{section.4}% 5
\BOOKMARK [2][-]{subsection.4.2}{4.2. In practice}{section.4}% 6
\BOOKMARK [1][-]{section.5}{5. How to deal with spaces that are too big}{}% 7
\BOOKMARK [2][-]{subsection.5.1}{5.1. Polredabs and polredbest}{section.5}% 8
\BOOKMARK [1][-]{section.6}{6. Atkin\205Lehner operators}{}% 9
\BOOKMARK [1][-]{section.7}{7. Issues with haracters}{}% 10
\BOOKMARK [1][-]{section.8}{8. CM and inner twist}{}% 11
\BOOKMARK [1][-]{section.9}{9. Precision in short vector}{}% 12
\BOOKMARK [1][-]{section.10}{10. Questions and observations}{}% 13
\BOOKMARK [1][-]{section.11}{11. Weight 1}{}% 14
\BOOKMARK [1][-]{section.12}{12. JC comments on representing newforms}{}% 15
\BOOKMARK [1][-]{section.13}{13. Comments on pari}{}% 16
\BOOKMARK [1][-]{section.14}{14. Timings}{}% 17
\BOOKMARK [1][-]{section.15}{15. Difficult spaces to crack}{}% 18
\BOOKMARK [1][-]{section.16}{16. Issues with trusting computer output}{}% 19
\BOOKMARK [1][-]{section.17}{17. More linear algebra, in Magma}{}% 20
\BOOKMARK [1][-]{section.18}{18. Running time}{}% 21
\BOOKMARK [1][-]{section.19}{19. Interesting examples}{}% 22
\BOOKMARK [1][-]{section*.2}{References}{}% 23
